c:\users\jimmy\documents\github\sb2-decomp\debug\vc140.pdb
c:\users\jimmy\documents\github\sb2-decomp\debug\vc140.idb
c:\users\jimmy\documents\github\sb2-decomp\debug\blupi.obj
c:\users\jimmy\documents\github\sb2-decomp\debug\button.obj
c:\users\jimmy\documents\github\sb2-decomp\debug\ddutil.obj
c:\users\jimmy\documents\github\sb2-decomp\debug\decor.obj
c:\users\jimmy\documents\github\sb2-decomp\debug\event.obj
c:\users\jimmy\documents\github\sb2-decomp\debug\jauge.obj
c:\users\jimmy\documents\github\sb2-decomp\debug\menu.obj
c:\users\jimmy\documents\github\sb2-decomp\debug\misc.obj
c:\users\jimmy\documents\github\sb2-decomp\debug\movie.obj
c:\users\jimmy\documents\github\sb2-decomp\debug\network.obj
c:\users\jimmy\documents\github\sb2-decomp\debug\pixmap.obj
c:\users\jimmy\documents\github\sb2-decomp\debug\sound.obj
c:\users\jimmy\documents\github\sb2-decomp\debug\text.obj
c:\users\jimmy\documents\github\sb2-decomp\debug\wave.obj
c:\users\jimmy\documents\github\sb2-decomp\debug\eggbert2.res
c:\users\jimmy\documents\github\sb2-decomp\debug\speedy eggbert 2 source.pdb
c:\users\jimmy\documents\github\sb2-decomp\debug\speedy e.e424a3cb.tlog\cl.command.1.tlog
c:\users\jimmy\documents\github\sb2-decomp\debug\speedy e.e424a3cb.tlog\cl.read.1.tlog
c:\users\jimmy\documents\github\sb2-decomp\debug\speedy e.e424a3cb.tlog\cl.write.1.tlog
c:\users\jimmy\documents\github\sb2-decomp\debug\speedy e.e424a3cb.tlog\link-cvtres.read.1.tlog
c:\users\jimmy\documents\github\sb2-decomp\debug\speedy e.e424a3cb.tlog\link-cvtres.write.1.tlog
c:\users\jimmy\documents\github\sb2-decomp\debug\speedy e.e424a3cb.tlog\link-rc.read.1.tlog
c:\users\jimmy\documents\github\sb2-decomp\debug\speedy e.e424a3cb.tlog\link-rc.write.1.tlog
c:\users\jimmy\documents\github\sb2-decomp\debug\speedy e.e424a3cb.tlog\link.command.1.tlog
c:\users\jimmy\documents\github\sb2-decomp\debug\speedy e.e424a3cb.tlog\link.read.1.tlog
c:\users\jimmy\documents\github\sb2-decomp\debug\speedy e.e424a3cb.tlog\link.write.1.tlog
c:\users\jimmy\documents\github\sb2-decomp\debug\speedy e.e424a3cb.tlog\rc.command.1.tlog
c:\users\jimmy\documents\github\sb2-decomp\debug\speedy e.e424a3cb.tlog\rc.read.1.tlog
c:\users\jimmy\documents\github\sb2-decomp\debug\speedy e.e424a3cb.tlog\rc.write.1.tlog
